[2024-05-09 21:20:53] [ ERROR] [Main:34] org.h2.Driver
[2024-05-09 21:29:40] [ ERROR] [Main:36] org.h2.Driver
[2024-05-09 21:30:03] [ ERROR] [Main:36] org.h2.Driver
[2024-05-09 21:30:47] [ ERROR] [Main:36] org.h2.Driver
[2024-05-09 21:31:20] [ ERROR] [Main:36] org.h2.Driver
[2024-05-09 21:31:43] [ ERROR] [Main:36] org.h2.Driver
[2024-05-09 21:32:05] [ ERROR] [Main:36] org.h2.Driver
[2024-05-09 21:32:54] [ ERROR] [Main:36] org.h2.Driver
[2024-05-09 21:37:04] [ ERROR] [Main:35] org.h2.Driver
[2024-05-09 21:40:26] [ ERROR] [Main:35] org.h2.Driver
[2024-05-09 21:41:02] [ ERROR] [Main:35] Syntax error in SQL statement "INSERT INTO ANIMALS VALUES (DEFAULT, 'PERRO', 'ODIN' ),(DEFAULT, 'GATO', 'ODINA' ), (DEFAULT, 'OVEJA', 'ODINE' ),(DEFAULT, 'PEZ', 'DORY' ),(DEFAULT, 'DINOSAURIO', 'DINO' ),[*]"; expected "ROW (, (, DEFAULT, INTERSECTS (, NOT, EXISTS, UNIQUE, INTERSECTS"; SQL statement:
INSERT INTO ANIMALS VALUES (DEFAULT, 'PERRO', 'ODIN' ),(DEFAULT, 'GATO', 'ODINA' ), (DEFAULT, 'OVEJA', 'ODINE' ),(DEFAULT, 'PEZ', 'DORY' ),(DEFAULT, 'DINOSAURIO', 'DINO' ), [42001-224]
[2024-05-09 21:47:56] [ ERROR] [Main2:35] org.h2.Driver
[2024-05-09 21:48:12] [ ERROR] [Main2:35] org.h2.Driver
[2024-05-09 21:48:32] [ ERROR] [Main2:35] org.h2.Driver
[2024-05-09 21:48:49] [ ERROR] [Main:35] org.h2.Driver
[2024-05-09 21:49:50] [ ERROR] [Main2:35] Syntax error in SQL statement "INSERT INTO FIGURAS VALUES (DEFAULT, 'CIRCULO', 'ROJO' ),(DEFAULT, 'CIRCULO', 'AZUL' ), (DEFAULT, 'CUADRADO', 'VERDE' ),(DEFAULT, 'CUADRADO', 'AMARILLO' ),(DEFAULT, 'CUADRADO', 'GRIS' ),[*]"; expected "ROW (, (, DEFAULT, INTERSECTS (, NOT, EXISTS, UNIQUE, INTERSECTS"; SQL statement:
INSERT INTO FIGURAS VALUES (DEFAULT, 'CIRCULO', 'ROJO' ),(DEFAULT, 'CIRCULO', 'AZUL' ), (DEFAULT, 'CUADRADO', 'VERDE' ),(DEFAULT, 'CUADRADO', 'AMARILLO' ),(DEFAULT, 'CUADRADO', 'GRIS' ), [42001-224]
[2024-05-09 21:50:42] [ ERROR] [Main2:35] Syntax error in SQL statement "INSERT INTO FIGURAS VALUES (DEFAULT, 'CIRCULO', 'ROJO' ),(DEFAULT, 'CIRCULO', 'AZUL' ), (DEFAULT, 'CUADRADO', 'VERDE' ),(DEFAULT, 'CUADRADO', 'AMARILLO' ),(DEFAULT, 'CUADRADO', 'GRIS' ),[*]"; expected "ROW (, (, DEFAULT, INTERSECTS (, NOT, EXISTS, UNIQUE, INTERSECTS"; SQL statement:
INSERT INTO FIGURAS VALUES (DEFAULT, 'CIRCULO', 'ROJO' ),(DEFAULT, 'CIRCULO', 'AZUL' ), (DEFAULT, 'CUADRADO', 'VERDE' ),(DEFAULT, 'CUADRADO', 'AMARILLO' ),(DEFAULT, 'CUADRADO', 'GRIS' ), [42001-224]
[2024-05-09 21:50:55] [ ERROR] [Main:35] Syntax error in SQL statement "INSERT INTO ANIMALS VALUES (DEFAULT, 'PERRO', 'ODIN' ),(DEFAULT, 'GATO', 'ODINA' ), (DEFAULT, 'OVEJA', 'ODINE' ),(DEFAULT, 'PEZ', 'DORY' ),(DEFAULT, 'DINOSAURIO', 'DINO' ),[*]"; expected "ROW (, (, DEFAULT, INTERSECTS (, NOT, EXISTS, UNIQUE, INTERSECTS"; SQL statement:
INSERT INTO ANIMALS VALUES (DEFAULT, 'PERRO', 'ODIN' ),(DEFAULT, 'GATO', 'ODINA' ), (DEFAULT, 'OVEJA', 'ODINE' ),(DEFAULT, 'PEZ', 'DORY' ),(DEFAULT, 'DINOSAURIO', 'DINO' ), [42001-224]
[2024-05-09 21:51:00] [ ERROR] [Main:35] Syntax error in SQL statement "INSERT INTO ANIMALS VALUES (DEFAULT, 'PERRO', 'ODIN' ),(DEFAULT, 'GATO', 'ODINA' ), (DEFAULT, 'OVEJA', 'ODINE' ),(DEFAULT, 'PEZ', 'DORY' ),(DEFAULT, 'DINOSAURIO', 'DINO' ),[*]"; expected "ROW (, (, DEFAULT, INTERSECTS (, NOT, EXISTS, UNIQUE, INTERSECTS"; SQL statement:
INSERT INTO ANIMALS VALUES (DEFAULT, 'PERRO', 'ODIN' ),(DEFAULT, 'GATO', 'ODINA' ), (DEFAULT, 'OVEJA', 'ODINE' ),(DEFAULT, 'PEZ', 'DORY' ),(DEFAULT, 'DINOSAURIO', 'DINO' ), [42001-224]
[2024-05-09 21:51:09] [ ERROR] [Main2:35] Syntax error in SQL statement "INSERT INTO FIGURAS VALUES (DEFAULT, 'CIRCULO', 'ROJO' ),(DEFAULT, 'CIRCULO', 'AZUL' ), (DEFAULT, 'CUADRADO', 'VERDE' ),(DEFAULT, 'CUADRADO', 'AMARILLO' ),(DEFAULT, 'CUADRADO', 'GRIS' ),[*]"; expected "ROW (, (, DEFAULT, INTERSECTS (, NOT, EXISTS, UNIQUE, INTERSECTS"; SQL statement:
INSERT INTO FIGURAS VALUES (DEFAULT, 'CIRCULO', 'ROJO' ),(DEFAULT, 'CIRCULO', 'AZUL' ), (DEFAULT, 'CUADRADO', 'VERDE' ),(DEFAULT, 'CUADRADO', 'AMARILLO' ),(DEFAULT, 'CUADRADO', 'GRIS' ), [42001-224]
[2024-05-09 21:52:27] [ INFO ] [Main2:30] Figura: 1 - CIRCULO - ROJO
[2024-05-09 21:52:27] [ INFO ] [Main2:30] Figura: 2 - CIRCULO - AZUL
[2024-05-09 21:52:27] [ INFO ] [Main2:30] Figura: 3 - CUADRADO - VERDE
[2024-05-09 21:52:27] [ INFO ] [Main2:30] Figura: 4 - CUADRADO - AMARILLO
[2024-05-09 21:52:27] [ INFO ] [Main2:30] Figura: 5 - CUADRADO - GRIS
[2024-05-09 21:53:33] [ ERROR] [Main2:36] Syntax error in SQL statement "SELECT * FROM FIGURAS WHERE COLOR =[*]= 'ROJO' "; expected "ALL (, ANY (, SOME ("; SQL statement:
SELECT * FROM FIGURAS WHERE COLOR == 'ROJO'  [42001-224]
[2024-05-09 21:53:47] [ INFO ] [Main2:30] Figura: 1 - CIRCULO - ROJO
[2024-05-09 21:54:22] [ INFO ] [Main2:30] Figura: 1 - CIRCULO - ROJO
[2024-05-09 21:54:22] [ INFO ] [Main2:30] Figura: 2 - CIRCULO - AZUL
[2024-05-09 21:54:22] [ INFO ] [Main2:30] Figura: 3 - CUADRADO - VERDE
[2024-05-09 21:54:22] [ INFO ] [Main2:30] Figura: 4 - CUADRADO - AMARILLO
[2024-05-09 21:54:22] [ INFO ] [Main2:30] Figura: 5 - CUADRADO - GRIS
[2024-05-14 19:10:42] [ INFO ] [Main2:30] Figura: 1 - CIRCULO - ROJO
[2024-05-14 19:10:42] [ INFO ] [Main2:30] Figura: 2 - CIRCULO - AZUL
[2024-05-14 19:10:42] [ INFO ] [Main2:30] Figura: 3 - CUADRADO - VERDE
[2024-05-14 19:10:42] [ INFO ] [Main2:30] Figura: 4 - CUADRADO - AMARILLO
[2024-05-14 19:10:42] [ INFO ] [Main2:30] Figura: 5 - CUADRADO - GRIS
